<?xml version="1.0" encoding="UTF-8"?>
<!-- Generated by org.testng.reporters.JUnitXMLReporter -->
<testsuite ignored="0" hostname="LAPTOP-43CGLNC0" failures="0" tests="3" name="Default test" time="12.655" errors="0" timestamp="2024-04-06T23:06:11 IST">
  <testcase classname="com.CRM.TestCases.HomePageTest" name="verifyUrl" time="0.037"/>
  <testcase classname="com.CRM.TestCases.HomePageTest" name="verifyTitle" time="0.038"/>
  <testcase classname="com.CRM.TestCases.HomePageTest" name="verifySignIn" time="0.912"/>
</testsuite> <!-- Default test -->
