<?xml version="1.0" encoding="UTF-8"?>
<!-- Generated by org.testng.reporters.JUnitXMLReporter -->
<testsuite ignored="0" hostname="LAPTOP-43CGLNC0" failures="0" tests="3" name="HomePageTest" time="6.313" errors="0" timestamp="2024-04-20T18:39:48 IST">
  <testcase classname="com.CRM.TestCases.HomePageTest" name="verifyUrl" time="0.037"/>
  <testcase classname="com.CRM.TestCases.HomePageTest" name="verifyTitle" time="0.022"/>
  <testcase classname="com.CRM.TestCases.HomePageTest" name="verifySignIn" time="0.117"/>
</testsuite> <!-- HomePageTest -->
