<?xml version="1.0" encoding="UTF-8"?>
<!-- Generated by org.testng.reporters.JUnitXMLReporter -->
<testsuite ignored="0" hostname="LAPTOP-43CGLNC0" failures="0" tests="3" name="Test" time="3.617" errors="0" timestamp="2024-04-07T20:59:27 IST">
  <testcase classname="com.CRM.TestCases.HomePageTest" name="verifyUrl" time="0.029"/>
  <testcase classname="com.CRM.TestCases.HomePageTest" name="verifyTitle" time="0.014"/>
  <testcase classname="com.CRM.TestCases.HomePageTest" name="verifySignIn" time="0.085"/>
</testsuite> <!-- Test -->
