<?xml version="1.0" encoding="UTF-8"?>
<!-- Generated by org.testng.reporters.JUnitXMLReporter -->
<testsuite ignored="0" hostname="LAPTOP-43CGLNC0" failures="0" tests="3" name="HomePageTest" time="17.035" errors="0" timestamp="2024-04-23T20:44:00 IST">
  <testcase classname="com.CRM.TestCases.HomePageTest" name="verifyUrl" time="0.051"/>
  <testcase classname="com.CRM.TestCases.HomePageTest" name="verifyTitle" time="0.113"/>
  <testcase classname="com.CRM.TestCases.HomePageTest" name="verifySignIn" time="0.208"/>
</testsuite> <!-- HomePageTest -->
